make all --print-data-base --no-builtin-variables --no-builtin-rules --question
make: *** No rule to make target 'all'.  Stop.

# GNU Make 4.1
# Built for x86_64-pc-linux-gnu
# Copyright (C) 1988-2014 Free Software Foundation, Inc.
# License GPLv3+: GNU GPL version 3 or later <http://gnu.org/licenses/gpl.html>
# This is free software: you are free to change and redistribute it.
# There is NO WARRANTY, to the extent permitted by law.

# Make data base, printed on Mon Aug 22 17:18:07 2022

# Variables

# 'override' directive
GNUMAKEFLAGS := 
# automatic
<D = $(patsubst %/,%,$(dir $<))
# automatic
?F = $(notdir $?)
# environment
DESKTOP_SESSION = ubuntu
# default
.SHELLFLAGS := -c
# environment
SNAP_COMMON = /var/snap/code/common
# environment
XDG_SESSION_TYPE = x11
# automatic
?D = $(patsubst %/,%,$(dir $?))
# environment
IM_CONFIG_PHASE = 2
# automatic
@D = $(patsubst %/,%,$(dir $@))
# environment
XAUTHORITY = /run/user/1000/gdm/Xauthority
# environment
GDMSESSION = ubuntu
# environment
XMODIFIERS = @im=ibus
# makefile
CURDIR := /home/dieptran/catkin_ws/src/Fast-Planner
# makefile
SHELL = /bin/sh
# environment
SNAP_DATA = /var/snap/code/105
# environment
VSCODE_NLS_CONFIG = {"locale":"en-us","availableLanguages":{},"_languagePackSupport":true}
# environment
_ = /snap/code/105/usr/share/code/code
# environment
XDG_CONFIG_DIRS = /etc/xdg/xdg-ubuntu:/etc/xdg
# environment
SNAP_INSTANCE_NAME = code
# environment
SNAP_ARCH = amd64
# makefile
MAKEFILE_LIST := 
# automatic
@F = $(notdir $@)
# environment
GIO_LAUNCHED_DESKTOP_FILE = /var/lib/snapd/desktop/applications/code_code.desktop
# environment
GAZEBO_PLUGIN_PATH = :/home/dieptran/Firmware/build/px4_sitl_default/build_gazebo:/usr/lib/x86_64-linux-gnu/gazebo-9/plugins
# environment
USERNAME = dieptran
# environment
MAKELEVEL := 0
# environment
XDG_DATA_DIRS = /usr/share/ubuntu:/usr/local/share/:/usr/share/:/var/lib/snapd/desktop
# environment
ROS_ETC_DIR = /opt/ros/melodic/etc/ros
# environment
DBUS_SESSION_BUS_ADDRESS = unix:path=/run/user/1000/bus
# environment
ROS_PACKAGE_PATH = /home/dieptran/catkin_ws/src/VINS-Mono/benchmark_publisher:/home/dieptran/catkin_ws/src/VINS-Mono/camera_model:/home/dieptran/catkin_ws/src/VINS-Mono/ar_demo:/home/dieptran/catkin_ws/src/catkin_simple:/home/dieptran/catkin_ws/src/Fast-Planner/uav_simulator/Utils/cmake_utils:/home/dieptran/catkin_ws/src/mavros_controllers/controller_msgs:/home/dieptran/catkin_ws/src/eigen_catkin:/home/dieptran/catkin_ws/src/VINS-Mono/feature_tracker:/home/dieptran/catkin_ws/src/mavros_controllers/geometric_controller:/home/dieptran/catkin_ws/src/Fast-Planner/uav_simulator/map_generator:/home/dieptran/catkin_ws/src/mav_comm/mav_comm:/home/dieptran/catkin_ws/src/mav_comm/mav_msgs:/home/dieptran/catkin_ws/src/mav_comm/mav_planning_msgs:/home/dieptran/catkin_ws/src/mav_comm/mav_state_machine_msgs:/home/dieptran/catkin_ws/src/mav_comm/mav_system_msgs:/home/dieptran/catkin_ws/src/mavros_controllers/mavros_controllers:/home/dieptran/catkin_ws/src/Fast-Planner/fast_planner/plan_env:/home/dieptran/catkin_ws/src/Fast-Planner/fast_planner/bspline:/home/dieptran/catkin_ws/src/Fast-Planner/fast_planner/bspline_opt:/home/dieptran/catkin_ws/src/esdf_planner:/home/dieptran/catkin_ws/src/Fast-Planner/fast_planner/path_searching:/home/dieptran/catkin_ws/src/Fast-Planner/fast_planner/poly_traj:/home/dieptran/catkin_ws/src/VINS-Mono/pose_graph:/home/dieptran/catkin_ws/src/Fast-Planner/uav_simulator/Utils/pose_utils:/home/dieptran/catkin_ws/src/Fast-Planner/uav_simulator/Utils/odom_visualization:/home/dieptran/catkin_ws/src/px4_fast_planner:/home/dieptran/catkin_ws/src/Fast-Planner/uav_simulator/Utils/quadrotor_msgs:/home/dieptran/catkin_ws/src/Fast-Planner/uav_simulator/local_sensing:/home/dieptran/catkin_ws/src/Fast-Planner/uav_simulator/Utils/multi_map_server:/home/dieptran/catkin_ws/src/realsense_ros_gazebo:/home/dieptran/catkin_ws/src/Fast-Planner/uav_simulator/Utils/rviz_plugins:/home/dieptran/catkin_ws/src/Fast-Planner/uav_simulator/so3_control:/home/dieptran/catkin_ws/src/Fast-Planner/uav_simulator/so3_disturbance_generator:/home/dieptran/catkin_ws/src/state_pcl:/home/dieptran/catkin_ws/src/Fast-Planner/fast_planner/traj_utils:/home/dieptran/catkin_ws/src/Fast-Planner/fast_planner/plan_manage:/home/dieptran/catkin_ws/src/mavros_controllers/trajectory_publisher:/home/dieptran/catkin_ws/src/Fast-Planner/uav_simulator/Utils/uav_utils:/home/dieptran/catkin_ws/src/Fast-Planner/uav_simulator/so3_quadrotor_simulator:/home/dieptran/catkin_ws/src/VINS-Mono/vins_estimator:/home/dieptran/catkin_ws/src/Fast-Planner/uav_simulator/Utils/waypoint_generator:/opt/ros/melodic/share:/home/dieptran/Firmware:/home/dieptran/Firmware/Tools/sitl_gazebo
# environment
ROS_PYTHON_VERSION = 2
# environment
LESSOPEN = | /usr/bin/lesspipe %s
# environment
LC_NAME = vi_VN
# environment
VSCODE_CWD = /home/dieptran
# environment
GSETTINGS_SCHEMA_DIR = /snap/code/105/usr/share/glib-2.0/schemas
# default
MAKE_HOST := x86_64-pc-linux-gnu
# environment
PATH = /home/dieptran/.local/bin:/opt/ros/melodic/bin:/home/dieptran/.local/bin:/usr/local/sbin:/usr/local/bin:/usr/sbin:/usr/bin:/sbin:/bin:/usr/games:/usr/local/games:/snap/bin
# environment
XDG_SESSION_DESKTOP = ubuntu
# environment
CLUTTER_IM_MODULE = xim
# environment
GPG_AGENT_INFO = /run/user/1000/gnupg/S.gpg-agent:0:1
# environment
SESSION_MANAGER = local/dieptran:@/tmp/.ICE-unix/2132,unix/dieptran:/tmp/.ICE-unix/2132
# environment
XDG_RUNTIME_DIR = /run/user/1000
# environment
GDK_PIXBUF_MODULE_FILE = /home/dieptran/snap/code/common/.cache/gdk-pixbuf-loaders.cache
# environment
TEXTDOMAIN = im-config
# environment
SNAP = /snap/code/105
# environment
ROS_ROOT = /opt/ros/melodic/share/ros
# environment
SNAP_VERSION = e4503b30
# environment
XDG_MENU_PREFIX = gnome-
# environment
DISABLE_WAYLAND = 1
# environment
ELECTRON_RUN_AS_NODE = 1
# environment
GDK_PIXBUF_MODULEDIR = /snap/code/105/usr/lib/x86_64-linux-gnu/gdk-pixbuf-2.0/2.10.0/loaders
# default
.FEATURES := target-specific order-only second-expansion else-if shortest-stem undefine oneshell archives jobserver output-sync check-symlink load
# environment
CMAKE_PREFIX_PATH = /home/dieptran/catkin_ws/devel:/opt/ros/melodic
# environment
LS_COLORS = 
# environment
ROS_DISTRO = melodic
# environment
SSH_AUTH_SOCK = /run/user/1000/keyring/ssh
# environment
GIO_LAUNCHED_DESKTOP_FILE_PID = 2599
# automatic
%F = $(notdir $%)
# environment
DISPLAY = :0
# environment
GTK_IM_MODULE = ibus
# environment
SNAP_INSTANCE_KEY = 
# environment
PWD = /home/dieptran/catkin_ws/src/Fast-Planner
# environment
XDG_SEAT = seat0
# environment
SSH_AGENT_PID = 2227
# environment
PKG_CONFIG_PATH = /home/dieptran/catkin_ws/devel/lib/pkgconfig:/opt/ros/melodic/lib/pkgconfig
# environment
ORIGINAL_XDG_CURRENT_DESKTOP = ubuntu:GNOME
# environment
GTK_MODULES = gail:atk-bridge
# environment
VSCODE_AMD_ENTRYPOINT = vs/workbench/api/node/extensionHostProcess
# environment
HOME = /home/dieptran
# environment
LD_LIBRARY_PATH = /home/dieptran/catkin_ws/devel/lib:/opt/ros/melodic/lib:/home/dieptran/Firmware/build/px4_sitl_default/build_gazebo
# environment
LESSCLOSE = /usr/bin/lesspipe %s %s
# environment
VSCODE_CLI = 1
# environment
VSCODE_CODE_CACHE_PATH = /home/dieptran/.config/Code/CachedData/e4503b30fc78200f846c62cf8091b76ff5547662
# environment
LOGNAME = dieptran
# environment
APPLICATION_INSIGHTS_NO_DIAGNOSTIC_CHANNEL = true
# environment
SNAP_LIBRARY_PATH = /var/lib/snapd/lib/gl:/var/lib/snapd/lib/gl32:/var/lib/snapd/void
# environment
SNAP_CONTEXT = -f23oSTKwd95xl2WvbM4IDMYNzoiDEnpoehwf_ZFtlhaxNNxFU1f
# automatic
+F = $(notdir $+)
# environment
ELECTRON_NO_ATTACH_CONSOLE = 1
# environment
SNAP_USER_COMMON = /home/dieptran/snap/code/common
# environment
VSCODE_HANDLES_UNCAUGHT_ERRORS = true
# default
MAKE_VERSION := 4.1
# environment
GNOME_DESKTOP_SESSION_ID = this-is-deprecated
# automatic
^D = $(patsubst %/,%,$(dir $^))
# environment
XDG_VTNR = 2
# environment
LC_TIME = vi_VN
# environment
SNAP_REAL_HOME = /home/dieptran
# default
MAKE = $(MAKE_COMMAND)
# default
MAKECMDGOALS := all
# environment
QT_IM_MODULE = ibus
# environment
SNAP_USER_DATA = /home/dieptran/snap/code/105
# environment
SHLVL = 1
# environment
GNOME_SHELL_SESSION_MODE = ubuntu
# environment
XDG_SESSION_ID = 2
# environment
USER = dieptran
# environment
SNAP_REVISION = 105
# environment
LC_MONETARY = vi_VN
# makefile
.DEFAULT_GOAL := 
# environment
XDG_CURRENT_DESKTOP = Unity
# environment
ROSLISP_PACKAGE_DIRECTORIES = /home/dieptran/catkin_ws/devel/share/common-lisp
# automatic
%D = $(patsubst %/,%,$(dir $%))
# environment
LC_TELEPHONE = vi_VN
# default
MAKE_COMMAND := make
# default
.VARIABLES := 
# automatic
*F = $(notdir $*)
# environment
VSCODE_IPC_HOOK = /run/user/1000/vscode-a1ae855d-1.70.2-main.sock
# environment
BAMF_DESKTOP_FILE_HINT = /var/lib/snapd/desktop/applications/code_code.desktop
# environment
PYTHONPATH = /home/dieptran/catkin_ws/devel/lib/python2.7/dist-packages:/opt/ros/melodic/lib/python2.7/dist-packages
# makefile
MAKEFLAGS = pqrR
# environment
MFLAGS = -pqrR
# automatic
*D = $(patsubst %/,%,$(dir $*))
# environment
ROS_VERSION = 1
# automatic
+D = $(patsubst %/,%,$(dir $+))
# environment
GDK_BACKEND = x11
# environment
LC_PAPER = vi_VN
# environment
LC_IDENTIFICATION = vi_VN
# environment
QT_ACCESSIBILITY = 1
# environment
TEXTDOMAINDIR = /usr/share/locale/
# default
MAKEFILES := 
# environment
SNAP_COOKIE = -f23oSTKwd95xl2WvbM4IDMYNzoiDEnpoehwf_ZFtlhaxNNxFU1f
# environment
LC_NUMERIC = vi_VN
# automatic
<F = $(notdir $<)
# environment
LC_MEASUREMENT = vi_VN
# environment
ROS_MASTER_URI = http://localhost:11311
# environment
SNAP_NAME = code
# environment
LC_ALL = C
# environment
QT4_IM_MODULE = xim
# environment
GJS_DEBUG_TOPICS = JS ERROR;JS LOG
# automatic
^F = $(notdir $^)
# default
SUFFIXES := 
# environment
 
SNAP_REEXEC = 
# environment
CHROME_DESKTOP = code-url-handler.desktop
# environment
GAZEBO_MODEL_PATH = :/home/dieptran/Firmware/Tools/sitl_gazebo/models:/home/dieptran/catkin_ws/src/px4_fast_planner/models
# environment
WINDOWPATH = 2
# default
.INCLUDE_DIRS = /usr/include /usr/local/include /usr/include
# environment
GJS_DEBUG_OUTPUT = stderr
# default
.RECIPEPREFIX := 
# environment
LC_ADDRESS = vi_VN
# environment
LANG = C
# environment
VSCODE_PID = 2648
# variable set hash-table stats:
# Load=141/1024=14%, Rehash=0, Collisions=26/163=16%

# Pattern-specific Variable Values

# No pattern-specific variable values.

# Directories

# . (device 2054, inode 17375628): 8 files, no impossibilities.

# 8 files, no impossibilities in 1 directories.

# Implicit Rules

# No implicit rules.

# Files

# Not a target:
all:
#  Command line target.
#  Implicit rule search has been done.
#  File does not exist.
#  File has not been updated.

# Not a target:
Makefile:
#  Implicit rule search has been done.
#  File does not exist.
#  File has been updated.
#  Failed to be updated.

# Not a target:
makefile:
#  Implicit rule search has been done.
#  File does not exist.
#  File has been updated.
#  Failed to be updated.

# Not a target:
.DEFAULT:
#  Implicit rule search has not been done.
#  Modification time never checked.
#  File has not been updated.

# Not a target:
GNUmakefile:
#  Implicit rule search has been done.
#  File does not exist.
#  File has been updated.
#  Failed to be updated.

# files hash-table stats:
# Load=6/1024=1%, Rehash=0, Collisions=0/15=0%
# VPATH Search Paths

# No 'vpath' search paths.

# No general ('VPATH' variable) search path.

# strcache buffers: 1 (0) / strings = 16 / storage = 149 B / avg = 9 B
# current buf: size = 8162 B / used = 149 B / count = 16 / avg = 9 B

# strcache performance: lookups = 19 / hit rate = 15%
# hash-table stats:
# Load=16/8192=0%, Rehash=0, Collisions=1/19=5%
# Finished Make data base on Mon Aug 22 17:18:07 2022

 
